# JRE version: Java(TM) SE Runtime Environment (8.0_231-b11) (build 1.8.0_231-b11)
# Java VM: Java HotSpot(TM) 64-Bit Server VM (25.231-b11 mixed mode windows-amd64 compressed oops)
Heap:
 PSYoungGen      total 955904K, used 695488K [0x000000076b000000, 0x00000007be080000, 0x00000007c0000000)
  eden space 571392K, 100% used [0x000000076b000000,0x000000078de00000,0x000000078de00000)
  from space 384512K, 32% used [0x000000078de00000,0x0000000795730000,0x00000007a5580000)
  to   space 360960K, 51% used [0x00000007a8000000,0x00000007b3468000,0x00000007be080000)
 ParOldGen       total 2785280K, used 2137317K [0x00000006c1000000, 0x000000076b000000, 0x000000076b000000)
  object space 2785280K, 76% used [0x00000006c1000000,0x0000000743739668,0x000000076b000000)
 Metaspace       used 3778K, capacity 4662K, committed 4864K, reserved 1056768K
  class space    used 431K, capacity 471K, committed 512K, reserved 1048576K
GC Heap History (10 events):
Event: 27.544 GC heap after
Heap after GC invocations=37 (full 5):
 PSYoungGen      total 911872K, used 53568K [0x000000076b000000, 0x00000007bd280000, 0x00000007c0000000)
  eden space 507392K, 0% used [0x000000076b000000,0x000000076b000000,0x0000000789f80000)
  from space 404480K, 13% used [0x00000007a4780000,0x00000007a7bd0000,0x00000007bd280000)
  to   space 419328K, 0% used [0x0000000789f80000,0x0000000789f80000,0x00000007a3900000)
 ParOldGen       total 2383872K, used 2149115K [0x00000006c1000000, 0x0000000752800000, 0x000000076b000000)
  object space 2383872K, 90% used [0x00000006c1000000,0x00000007442bee00,0x0000000752800000)
 Metaspace       used 3778K, capacity 4662K, committed 4864K, reserved 1056768K
  class space    used 431K, capacity 471K, committed 512K, reserved 1048576K
}
Event: 27.621 GC heap before
{Heap before GC invocations=38 (full 5):
 PSYoungGen      total 911872K, used 560960K [0x000000076b000000, 0x00000007bd280000, 0x00000007c0000000)
  eden space 507392K, 100% used [0x000000076b000000,0x0000000789f80000,0x0000000789f80000)
  from space 404480K, 13% used [0x00000007a4780000,0x00000007a7bd0000,0x00000007bd280000)
  to   space 419328K, 0% used [0x0000000789f80000,0x0000000789f80000,0x00000007a3900000)
 ParOldGen       total 2383872K, used 2149115K [0x00000006c1000000, 0x0000000752800000, 0x000000076b000000)
  object space 2383872K, 90% used [0x00000006c1000000,0x00000007442bee00,0x0000000752800000)
 Metaspace       used 3778K, capacity 4662K, committed 4864K, reserved 1056768K
  class space    used 431K, capacity 471K, committed 512K, reserved 1048576K
Event: 28.021 GC heap after
Heap after GC invocations=38 (full 5):
 PSYoungGen      total 926720K, used 58464K [0x000000076b000000, 0x00000007bec80000, 0x00000007c0000000)
  eden space 507392K, 0% used [0x000000076b000000,0x000000076b000000,0x0000000789f80000)
  from space 419328K, 13% used [0x0000000789f80000,0x000000078d898000,0x00000007a3900000)
  to   space 401920K, 0% used [0x00000007a6400000,0x00000007a6400000,0x00000007bec80000)
 ParOldGen       total 2383872K, used 2202699K [0x00000006c1000000, 0x0000000752800000, 0x000000076b000000)
  object space 2383872K, 92% used [0x00000006c1000000,0x0000000747712e00,0x0000000752800000)
 Metaspace       used 3778K, capacity 4662K, committed 4864K, reserved 1056768K
  class space    used 431K, capacity 471K, committed 512K, reserved 1048576K
}
Event: 28.021 GC heap before
{Heap before GC invocations=39 (full 6):
 PSYoungGen      total 926720K, used 58464K [0x000000076b000000, 0x00000007bec80000, 0x00000007c0000000)
  eden space 507392K, 0% used [0x000000076b000000,0x000000076b000000,0x0000000789f80000)
  from space 419328K, 13% used [0x0000000789f80000,0x000000078d898000,0x00000007a3900000)
  to   space 401920K, 0% used [0x00000007a6400000,0x00000007a6400000,0x00000007bec80000)
 ParOldGen       total 2383872K, used 2202699K [0x00000006c1000000, 0x0000000752800000, 0x000000076b000000)
  object space 2383872K, 92% used [0x00000006c1000000,0x0000000747712e00,0x0000000752800000)
 Metaspace       used 3778K, capacity 4662K, committed 4864K, reserved 1056768K
  class space    used 431K, capacity 471K, committed 512K, reserved 1048576K
Event: 35.919 GC heap after
Heap after GC invocations=39 (full 6):
 PSYoungGen      total 926720K, used 0K [0x000000076b000000, 0x00000007bec80000, 0x00000007c0000000)
  eden space 507392K, 0% used [0x000000076b000000,0x000000076b000000,0x0000000789f80000)
  from space 419328K, 0% used [0x0000000789f80000,0x0000000789f80000,0x00000007a3900000)
  to   space 401920K, 0% used [0x00000007a6400000,0x00000007a6400000,0x00000007bec80000)
 ParOldGen       total 2785280K, used 2137317K [0x00000006c1000000, 0x000000076b000000, 0x000000076b000000)
  object space 2785280K, 76% used [0x00000006c1000000,0x0000000743739668,0x000000076b000000)
 Metaspace       used 3778K, capacity 4662K, committed 4864K, reserved 1056768K
  class space    used 431K, capacity 471K, committed 512K, reserved 1048576K
}
Event: 35.995 GC heap before
{Heap before GC invocations=40 (full 6):
 PSYoungGen      total 926720K, used 507392K [0x000000076b000000, 0x00000007bec80000, 0x00000007c0000000)
  eden space 507392K, 100% used [0x000000076b000000,0x0000000789f80000,0x0000000789f80000)
  from space 419328K, 0% used [0x0000000789f80000,0x0000000789f80000,0x00000007a3900000)
  to   space 401920K, 0% used [0x00000007a6400000,0x00000007a6400000,0x00000007bec80000)
 ParOldGen       total 2785280K, used 2137317K [0x00000006c1000000, 0x000000076b000000, 0x000000076b000000)
  object space 2785280K, 76% used [0x00000006c1000000,0x0000000743739668,0x000000076b000000)
 Metaspace       used 3778K, capacity 4662K, committed 4864K, reserved 1056768K
  class space    used 431K, capacity 471K, committed 512K, reserved 1048576K
Event: 36.193 GC heap after
Heap after GC invocations=40 (full 6):
 PSYoungGen      total 941056K, used 58464K [0x000000076b000000, 0x00000007bcd00000, 0x00000007c0000000)
  eden space 571392K, 0% used [0x000000076b000000,0x000000076b000000,0x000000078de00000)
  from space 369664K, 15% used [0x00000007a6400000,0x00000007a9d18000,0x00000007bcd00000)
  to   space 384512K, 0% used [0x000000078de00000,0x000000078de00000,0x00000007a5580000)
 ParOldGen       total 2785280K, used 2137317K [0x00000006c1000000, 0x000000076b000000, 0x000000076b000000)
  object space 2785280K, 76% used [0x00000006c1000000,0x0000000743739668,0x000000076b000000)
 Metaspace       used 3778K, capacity 4662K, committed 4864K, reserved 1056768K
  class space    used 431K, capacity 471K, committed 512K, reserved 1048576K
}
Event: 36.280 GC heap before
{Heap before GC invocations=41 (full 6):
 PSYoungGen      total 941056K, used 629856K [0x000000076b000000, 0x00000007bcd00000, 0x00000007c0000000)
  eden space 571392K, 100% used [0x000000076b000000,0x000000078de00000,0x000000078de00000)
  from space 369664K, 15% used [0x00000007a6400000,0x00000007a9d18000,0x00000007bcd00000)
  to   space 384512K, 0% used [0x000000078de00000,0x000000078de00000,0x00000007a5580000)
 ParOldGen       total 2785280K, used 2137317K [0x00000006c1000000, 0x000000076b000000, 0x000000076b000000)
  object space 2785280K, 76% used [0x00000006c1000000,0x0000000743739668,0x000000076b000000)
 Metaspace       used 3778K, capacity 4662K, committed 4864K, reserved 1056768K
  class space    used 431K, capacity 471K, committed 512K, reserved 1048576K
Event: 36.707 GC heap after
Heap after GC invocations=41 (full 6):
 PSYoungGen      total 955904K, used 124096K [0x000000076b000000, 0x00000007be080000, 0x00000007c0000000)
  eden space 571392K, 0% used [0x000000076b000000,0x000000076b000000,0x000000078de00000)
  from space 384512K, 32% used [0x000000078de00000,0x0000000795730000,0x00000007a5580000)
  to   space 360960K, 0% used [0x00000007a8000000,0x00000007a8000000,0x00000007be080000)
 ParOldGen       total 2785280K, used 2137317K [0x00000006c1000000, 0x000000076b000000, 0x000000076b000000)
  object space 2785280K, 76% used [0x00000006c1000000,0x0000000743739668,0x000000076b000000)
 Metaspace       used 3778K, capacity 4662K, committed 4864K, reserved 1056768K
  class space    used 431K, capacity 471K, committed 512K, reserved 1048576K
}
Event: 36.794 GC heap before
{Heap before GC invocations=42 (full 6):
 PSYoungGen      total 955904K, used 695488K [0x000000076b000000, 0x00000007be080000, 0x00000007c0000000)
  eden space 571392K, 100% used [0x000000076b000000,0x000000078de00000,0x000000078de00000)
  from space 384512K, 32% used [0x000000078de00000,0x0000000795730000,0x00000007a5580000)
  to   space 360960K, 0% used [0x00000007a8000000,0x00000007a8000000,0x00000007be080000)
 ParOldGen       total 2785280K, used 2137317K [0x00000006c1000000, 0x000000076b000000, 0x000000076b000000)
  object space 2785280K, 76% used [0x00000006c1000000,0x0000000743739668,0x000000076b000000)
 Metaspace       used 3778K, capacity 4662K, committed 4864K, reserved 1056768K
  class space    used 431K, capacity 471K, committed 512K, reserved 1048576K

