# JRE version: Java(TM) SE Runtime Environment (8.0_231-b11) (build 1.8.0_231-b11)
# Java VM: Java HotSpot(TM) 64-Bit Server VM (25.231-b11 mixed mode windows-amd64 compressed oops)
Heap:
 PSYoungGen      total 1053696K, used 239586K [0x000000076b000000, 0x00000007c0000000, 0x00000007c0000000)
  eden space 814080K, 0% used [0x000000076b000000,0x000000076b000000,0x000000079cb00000)
  from space 239616K, 99% used [0x00000007b1600000,0x00000007bfff8a88,0x00000007c0000000)
  to   space 289280K, 0% used [0x000000079cb00000,0x000000079cb00000,0x00000007ae580000)
 ParOldGen       total 576512K, used 467078K [0x00000006c1000000, 0x00000006e4300000, 0x000000076b000000)
  object space 576512K, 81% used [0x00000006c1000000,0x00000006dd821888,0x00000006e4300000)
 Metaspace       used 3776K, capacity 4662K, committed 4864K, reserved 1056768K
  class space    used 431K, capacity 471K, committed 512K, reserved 1048576K
GC Heap History (10 events):
Event: 3.019 GC heap after
Heap after GC invocations=10 (full 1):
 PSYoungGen      total 1125376K, used 118756K [0x000000076b000000, 0x00000007c0000000, 0x00000007c0000000)
  eden space 1006592K, 0% used [0x000000076b000000,0x000000076b000000,0x00000007a8700000)
  from space 118784K, 99% used [0x00000007a8700000,0x00000007afaf92f0,0x00000007afb00000)
  to   space 171008K, 0% used [0x00000007b5900000,0x00000007b5900000,0x00000007c0000000)
 ParOldGen       total 333824K, used 252663K [0x00000006c1000000, 0x00000006d5600000, 0x000000076b000000)
  object space 333824K, 75% used [0x00000006c1000000,0x00000006d06bdf88,0x00000006d5600000)
 Metaspace       used 3776K, capacity 4662K, committed 4864K, reserved 1056768K
  class space    used 431K, capacity 471K, committed 512K, reserved 1048576K
}
Event: 3.169 GC heap before
{Heap before GC invocations=11 (full 1):
 PSYoungGen      total 1125376K, used 1125348K [0x000000076b000000, 0x00000007c0000000, 0x00000007c0000000)
  eden space 1006592K, 100% used [0x000000076b000000,0x00000007a8700000,0x00000007a8700000)
  from space 118784K, 99% used [0x00000007a8700000,0x00000007afaf92f0,0x00000007afb00000)
  to   space 171008K, 0% used [0x00000007b5900000,0x00000007b5900000,0x00000007c0000000)
 ParOldGen       total 333824K, used 252663K [0x00000006c1000000, 0x00000006d5600000, 0x000000076b000000)
  object space 333824K, 75% used [0x00000006c1000000,0x00000006d06bdf88,0x00000006d5600000)
 Metaspace       used 3776K, capacity 4662K, committed 4864K, reserved 1056768K
  class space    used 431K, capacity 471K, committed 512K, reserved 1048576K
Event: 3.281 GC heap after
Heap after GC invocations=11 (full 1):
 PSYoungGen      total 1111040K, used 170999K [0x000000076b000000, 0x00000007c0000000, 0x00000007c0000000)
  eden space 940032K, 0% used [0x000000076b000000,0x000000076b000000,0x00000007a4600000)
  from space 171008K, 99% used [0x00000007b5900000,0x00000007bfffdc60,0x00000007c0000000)
  to   space 226304K, 0% used [0x00000007a4600000,0x00000007a4600000,0x00000007b2300000)
 ParOldGen       total 333824K, used 324079K [0x00000006c1000000, 0x00000006d5600000, 0x000000076b000000)
  object space 333824K, 97% used [0x00000006c1000000,0x00000006d4c7bf88,0x00000006d5600000)
 Metaspace       used 3776K, capacity 4662K, committed 4864K, reserved 1056768K
  class space    used 431K, capacity 471K, committed 512K, reserved 1048576K
}
Event: 3.281 GC heap before
{Heap before GC invocations=12 (full 2):
 PSYoungGen      total 1111040K, used 170999K [0x000000076b000000, 0x00000007c0000000, 0x00000007c0000000)
  eden space 940032K, 0% used [0x000000076b000000,0x000000076b000000,0x00000007a4600000)
  from space 171008K, 99% used [0x00000007b5900000,0x00000007bfffdc60,0x00000007c0000000)
  to   space 226304K, 0% used [0x00000007a4600000,0x00000007a4600000,0x00000007b2300000)
 ParOldGen       total 333824K, used 324079K [0x00000006c1000000, 0x00000006d5600000, 0x000000076b000000)
  object space 333824K, 97% used [0x00000006c1000000,0x00000006d4c7bf88,0x00000006d5600000)
 Metaspace       used 3776K, capacity 4662K, committed 4864K, reserved 1056768K
  class space    used 431K, capacity 471K, committed 512K, reserved 1048576K
Event: 5.580 GC heap after
Heap after GC invocations=12 (full 2):
 PSYoungGen      total 1111040K, used 170873K [0x000000076b000000, 0x00000007c0000000, 0x00000007c0000000)
  eden space 940032K, 0% used [0x000000076b000000,0x000000076b000000,0x00000007a4600000)
  from space 171008K, 99% used [0x00000007b5900000,0x00000007bffde798,0x00000007c0000000)
  to   space 226304K, 0% used [0x00000007a4600000,0x00000007a4600000,0x00000007b2300000)
 ParOldGen       total 576512K, used 307598K [0x00000006c1000000, 0x00000006e4300000, 0x000000076b000000)
  object space 576512K, 53% used [0x00000006c1000000,0x00000006d3c63888,0x00000006e4300000)
 Metaspace       used 3776K, capacity 4662K, committed 4864K, reserved 1056768K
  class space    used 431K, capacity 471K, committed 512K, reserved 1048576K
}
Event: 5.724 GC heap before
{Heap before GC invocations=13 (full 2):
 PSYoungGen      total 1111040K, used 1110905K [0x000000076b000000, 0x00000007c0000000, 0x00000007c0000000)
  eden space 940032K, 100% used [0x000000076b000000,0x00000007a4600000,0x00000007a4600000)
  from space 171008K, 99% used [0x00000007b5900000,0x00000007bffde798,0x00000007c0000000)
  to   space 226304K, 0% used [0x00000007a4600000,0x00000007a4600000,0x00000007b2300000)
 ParOldGen       total 576512K, used 307598K [0x00000006c1000000, 0x00000006e4300000, 0x000000076b000000)
  object space 576512K, 53% used [0x00000006c1000000,0x00000006d3c63888,0x00000006e4300000)
 Metaspace       used 3776K, capacity 4662K, committed 4864K, reserved 1056768K
  class space    used 431K, capacity 471K, committed 512K, reserved 1048576K
Event: 5.857 GC heap after
Heap after GC invocations=13 (full 2):
 PSYoungGen      total 1096192K, used 156066K [0x000000076b000000, 0x00000007c0000000, 0x00000007c0000000)
  eden space 940032K, 0% used [0x000000076b000000,0x000000076b000000,0x00000007a4600000)
  from space 156160K, 99% used [0x00000007a4600000,0x00000007ade68a88,0x00000007ade80000)
  to   space 239616K, 0% used [0x00000007b1600000,0x00000007b1600000,0x00000007c0000000)
 ParOldGen       total 576512K, used 442766K [0x00000006c1000000, 0x00000006e4300000, 0x000000076b000000)
  object space 576512K, 76% used [0x00000006c1000000,0x00000006dc063888,0x00000006e4300000)
 Metaspace       used 3776K, capacity 4662K, committed 4864K, reserved 1056768K
  class space    used 431K, capacity 471K, committed 512K, reserved 1048576K
}
Event: 5.999 GC heap before
{Heap before GC invocations=14 (full 2):
 PSYoungGen      total 1096192K, used 1096098K [0x000000076b000000, 0x00000007c0000000, 0x00000007c0000000)
  eden space 940032K, 100% used [0x000000076b000000,0x00000007a4600000,0x00000007a4600000)
  from space 156160K, 99% used [0x00000007a4600000,0x00000007ade68a88,0x00000007ade80000)
  to   space 239616K, 0% used [0x00000007b1600000,0x00000007b1600000,0x00000007c0000000)
 ParOldGen       total 576512K, used 442766K [0x00000006c1000000, 0x00000006e4300000, 0x000000076b000000)
  object space 576512K, 76% used [0x00000006c1000000,0x00000006dc063888,0x00000006e4300000)
 Metaspace       used 3776K, capacity 4662K, committed 4864K, reserved 1056768K
  class space    used 431K, capacity 471K, committed 512K, reserved 1048576K
Event: 6.105 GC heap after
Heap after GC invocations=14 (full 2):
 PSYoungGen      total 1053696K, used 239586K [0x000000076b000000, 0x00000007c0000000, 0x00000007c0000000)
  eden space 814080K, 0% used [0x000000076b000000,0x000000076b000000,0x000000079cb00000)
  from space 239616K, 99% used [0x00000007b1600000,0x00000007bfff8a88,0x00000007c0000000)
  to   space 289280K, 0% used [0x000000079cb00000,0x000000079cb00000,0x00000007ae580000)
 ParOldGen       total 576512K, used 467078K [0x00000006c1000000, 0x00000006e4300000, 0x000000076b000000)
  object space 576512K, 81% used [0x00000006c1000000,0x00000006dd821888,0x00000006e4300000)
 Metaspace       used 3776K, capacity 4662K, committed 4864K, reserved 1056768K
  class space    used 431K, capacity 471K, committed 512K, reserved 1048576K
}
Event: 6.105 GC heap before
{Heap before GC invocations=15 (full 3):
 PSYoungGen      total 1053696K, used 239586K [0x000000076b000000, 0x00000007c0000000, 0x00000007c0000000)
  eden space 814080K, 0% used [0x000000076b000000,0x000000076b000000,0x000000079cb00000)
  from space 239616K, 99% used [0x00000007b1600000,0x00000007bfff8a88,0x00000007c0000000)
  to   space 289280K, 0% used [0x000000079cb00000,0x000000079cb00000,0x00000007ae580000)
 ParOldGen       total 576512K, used 467078K [0x00000006c1000000, 0x00000006e4300000, 0x000000076b000000)
  object space 576512K, 81% used [0x00000006c1000000,0x00000006dd821888,0x00000006e4300000)
 Metaspace       used 3776K, capacity 4662K, committed 4864K, reserved 1056768K
  class space    used 431K, capacity 471K, committed 512K, reserved 1048576K

